Kotlin/app/build/intermediates/manifest_merge_blame_file/debug/manifest-merger-blame-debug-report.txt
1<?xml version="1.0" encoding="utf-8"?>
2<manifest xmlns:android="http://schemas.android.com/apk/res/android"
3    package="com.example.unj.cs.hw4"
4    android:versionCode="1"
5    android:versionName="1.0" >
6
7    <uses-sdk
8        android:minSdkVersion="23"
8-->src\main\AndroidManifest.xml
9        android:targetSdkVersion="32" />
9-->src\main\AndroidManifest.xml
10
11    <application
11-->src\main\AndroidManifest.xml:6:5-28:19
12        android:allowBackup="true"
12-->src\main\AndroidManifest.xml:7:9-35
13        android:appComponentFactory="androidx.core.app.CoreComponentFactory"
13-->[androidx.core:core:1.8.0] AndroidManifest.xml:24:18-86
14        android:dataExtractionRules="@xml/data_extraction_rules"
14-->src\main\AndroidManifest.xml:8:9-65
15        android:debuggable="true"
16        android:extractNativeLibs="false"
17        android:fullBackupContent="@xml/backup_rules"
17-->src\main\AndroidManifest.xml:9:9-54
18        android:icon="@mipmap/ic_launcher"
18-->src\main\AndroidManifest.xml:10:9-43
19        android:label="@string/app_name"
19-->src\main\AndroidManifest.xml:11:9-41
20        android:roundIcon="@mipmap/ic_launcher_round"
20-->src\main\AndroidManifest.xml:12:9-54
21        android:supportsRtl="true"
21-->src\main\AndroidManifest.xml:13:9-35
22        android:testOnly="true"
23        android:theme="@style/Theme.Homework4" >
23-->src\main\AndroidManifest.xml:14:9-47
24        <activity
24-->src\main\AndroidManifest.xml:16:9-18:40
25            android:name="com.example.unj.cs.hw4.DetailCoffeeActivity"
25-->src\main\AndroidManifest.xml:17:13-49
26            android:exported="false" />
26-->src\main\AndroidManifest.xml:18:13-37
27        <activity
27-->src\main\AndroidManifest.xml:19:9-27:20
28            android:name="com.example.unj.cs.hw4.MainActivity"
28-->src\main\AndroidManifest.xml:20:13-41
29            android:exported="true" >
29-->src\main\AndroidManifest.xml:21:13-36
30            <intent-filter>
30-->src\main\AndroidManifest.xml:22:13-26:29
31                <action android:name="android.intent.action.MAIN" />
31-->src\main\AndroidManifest.xml:23:17-69
31-->src\main\AndroidManifest.xml:23:25-66
32
33                <category android:name="android.intent.category.LAUNCHER" />
33-->src\main\AndroidManifest.xml:25:17-77
33-->src\main\AndroidManifest.xml:25:27-74
34            </intent-filter>
35        </activity>
36
37        <provider
37-->[androidx.emoji2:emoji2:1.2.0] AndroidManifest.xml:24:9-32:20
38            android:name="androidx.startup.InitializationProvider"
38-->[androidx.emoji2:emoji2:1.2.0] AndroidManifest.xml:25:13-67
39            android:authorities="com.example.unj.cs.hw4.androidx-startup"
39-->[androidx.emoji2:emoji2:1.2.0] AndroidManifest.xml:26:13-68
40            android:exported="false" >
40-->[androidx.emoji2:emoji2:1.2.0] AndroidManifest.xml:27:13-37
41            <meta-data
41-->[androidx.emoji2:emoji2:1.2.0] AndroidManifest.xml:29:13-31:52
42                android:name="androidx.emoji2.text.EmojiCompatInitializer"
42-->[androidx.emoji2:emoji2:1.2.0] AndroidManifest.xml:30:17-75
43                android:value="androidx.startup" />
43-->[androidx.emoji2:emoji2:1.2.0] AndroidManifest.xml:31:17-49
44            <meta-data
44-->[androidx.lifecycle:lifecycle-process:2.4.1] AndroidManifest.xml:31:13-33:52
45                android:name="androidx.lifecycle.ProcessLifecycleInitializer"
45-->[androidx.lifecycle:lifecycle-process:2.4.1] AndroidManifest.xml:32:17-78
46                android:value="androidx.startup" />
46-->[androidx.lifecycle:lifecycle-process:2.4.1] AndroidManifest.xml:33:17-49
47        </provider>
48    </application>
49
50</manifest>